00:00.0 Host bridge [0600]: Intel Corporation Comet Lake-U v1 4c Host Bridge/DRAM Controller [8086:9b61] (rev 0c)
	DeviceName: Onboard - Other
	Subsystem: Intel Corporation Device [8086:7270]
	Kernel driver in use: skl_uncore
00:02.0 VGA compatible controller [0300]: Intel Corporation CometLake-U GT2 [UHD Graphics] [8086:9b41] (rev 02)
	DeviceName: Onboard - Video
	Subsystem: Device [1b50:1018]
	Kernel driver in use: i915
	Kernel modules: i915
00:08.0 System peripheral [0880]: Intel Corporation Xeon E3-1200 v5/v6 / E3-1500 v5 / 6th/7th/8th Gen Core Processor Gaussian Mixture Model [8086:1911]
	DeviceName: Onboard - Other
	Subsystem: Intel Corporation Device [8086:7270]
00:12.0 Signal processing controller [1180]: Intel Corporation Comet Lake Thermal Subsytem [8086:02f9]
	DeviceName: Onboard - Other
	Subsystem: Intel Corporation Device [8086:7270]
	Kernel driver in use: intel_pch_thermal
	Kernel modules: intel_pch_thermal
00:14.0 USB controller [0c03]: Intel Corporation Comet Lake PCH-LP USB 3.1 xHCI Host Controller [8086:02ed]
	DeviceName: Onboard - Other
	Subsystem: Intel Corporation Device [8086:7270]
	Kernel driver in use: xhci_hcd
	Kernel modules: xhci_pci
00:14.2 RAM memory [0500]: Intel Corporation Comet Lake PCH-LP Shared SRAM [8086:02ef]
	DeviceName: Onboard - Other
	Subsystem: Intel Corporation Device [8086:7270]
00:14.3 Network controller [0280]: Intel Corporation Comet Lake PCH-LP CNVi WiFi [8086:02f0]
	DeviceName: Onboard - Ethernet
	Subsystem: Intel Corporation Device [8086:02a4]
	Kernel driver in use: iwlwifi
	Kernel modules: iwlwifi
00:15.0 Serial bus controller [0c80]: Intel Corporation Serial IO I2C Host Controller [8086:02e8]
	DeviceName: Onboard - Other
	Subsystem: Intel Corporation Device [8086:7270]
	Kernel driver in use: intel-lpss
	Kernel modules: intel_lpss_pci
00:15.1 Serial bus controller [0c80]: Intel Corporation Comet Lake Serial IO I2C Host Controller [8086:02e9]
	DeviceName: Onboard - Other
	Subsystem: Intel Corporation Device [8086:7270]
	Kernel driver in use: intel-lpss
	Kernel modules: intel_lpss_pci
00:15.3 Serial bus controller [0c80]: Intel Corporation Device [8086:02eb]
	DeviceName: Onboard - Other
	Subsystem: Intel Corporation Device [8086:7270]
	Kernel driver in use: intel-lpss
	Kernel modules: intel_lpss_pci
00:16.0 Communication controller [0780]: Intel Corporation Comet Lake Management Engine Interface [8086:02e0]
	DeviceName: Onboard - Other
	Subsystem: Intel Corporation Device [8086:7270]
	Kernel driver in use: mei_me
	Kernel modules: mei_me
00:17.0 SATA controller [0106]: Intel Corporation Comet Lake SATA AHCI Controller [8086:02d3]
	DeviceName: Onboard - SATA
	Subsystem: Intel Corporation Device [8086:7270]
	Kernel driver in use: ahci
00:19.0 Serial bus controller [0c80]: Intel Corporation Comet Lake Serial IO I2C Host Controller [8086:02c5]
	DeviceName: Onboard - Other
	Subsystem: Intel Corporation Device [8086:7270]
	Kernel driver in use: intel-lpss
	Kernel modules: intel_lpss_pci
00:19.1 Serial bus controller [0c80]: Intel Corporation Device [8086:02c6]
	DeviceName: Onboard - Other
	Subsystem: Intel Corporation Device [8086:7270]
	Kernel driver in use: intel-lpss
	Kernel modules: intel_lpss_pci
00:1c.0 PCI bridge [0604]: Intel Corporation Comet Lake PCI Express Root Port #5 [8086:02bc] (rev f0)
	Kernel driver in use: pcieport
00:1d.0 PCI bridge [0604]: Intel Corporation Comet Lake PCI Express Root Port #10 [8086:02b1] (rev f0)
	Kernel driver in use: pcieport
00:1e.0 Communication controller [0780]: Intel Corporation Device [8086:02a8]
	DeviceName: Onboard - Other
	Subsystem: Intel Corporation Device [8086:7270]
	Kernel driver in use: intel-lpss
	Kernel modules: intel_lpss_pci
00:1e.1 Communication controller [0780]: Intel Corporation Device [8086:02a9]
	DeviceName: Onboard - Other
	Subsystem: Intel Corporation Device [8086:7270]
	Kernel driver in use: intel-lpss
	Kernel modules: intel_lpss_pci
00:1e.2 Serial bus controller [0c80]: Intel Corporation Device [8086:02aa]
	DeviceName: Onboard - Other
	Subsystem: Intel Corporation Device [8086:7270]
	Kernel driver in use: intel-lpss
	Kernel modules: intel_lpss_pci
00:1e.3 Serial bus controller [0c80]: Intel Corporation Device [8086:02ab]
	DeviceName: Onboard - Other
	Subsystem: Intel Corporation Device [8086:7270]
	Kernel driver in use: intel-lpss
	Kernel modules: intel_lpss_pci
00:1f.0 ISA bridge [0601]: Intel Corporation Comet Lake PCH-LP LPC Premium Controller/eSPI Controller [8086:0284]
	DeviceName: Onboard - Other
	Subsystem: Intel Corporation Device [8086:7270]
00:1f.3 Audio device [0403]: Intel Corporation Comet Lake PCH-LP cAVS [8086:02c8]
	DeviceName: Onboard - Sound
	Subsystem: Device [1b50:5809]
	Kernel driver in use: snd_hda_intel
	Kernel modules: snd_hda_intel, snd_soc_skl, snd_sof_pci_intel_cnl
00:1f.4 SMBus [0c05]: Intel Corporation Comet Lake PCH-LP SMBus Host Controller [8086:02a3]
	DeviceName: Onboard - Other
	Subsystem: Intel Corporation Device [8086:7270]
	Kernel driver in use: i801_smbus
	Kernel modules: i2c_i801
00:1f.5 Serial bus controller [0c80]: Intel Corporation Comet Lake SPI (flash) Controller [8086:02a4]
	DeviceName: Onboard - Other
	Subsystem: Intel Corporation Device [8086:7270]
	Kernel driver in use: intel-spi
	Kernel modules: intel_spi_pci
01:00.0 3D controller [0302]: NVIDIA Corporation GP107M [GeForce MX350] [10de:1c94] (rev a1)
	Subsystem: Device [1b50:5518]
	Kernel driver in use: nouveau
	Kernel modules: nouveau
02:00.0 Ethernet controller [0200]: Realtek Semiconductor Co., Ltd. RTL8111/8168/8411 PCI Express Gigabit Ethernet Controller [10ec:8168] (rev 15)
	Subsystem: Device [1b50:4607]
	Kernel driver in use: r8169
	Kernel modules: r8169
